# JRE version: OpenJDK Runtime Environment (21.0.6) (build 21.0.6+-13391695-b895.109)
# Java VM: OpenJDK 64-Bit Server VM (21.0.6+-13391695-b895.109, mixed mode, tiered, compressed oops, compressed class ptrs, g1 gc, windows-amd64)
GC Precious Log:
 CardTable entry size: 512
 Card Set container configuration: InlinePtr #cards 5 size 8 Array Of Cards #cards 12 size 40 Howl #buckets 4 coarsen threshold 1843 Howl Bitmap #cards 512 size 80 coarsen threshold 460 Card regions per heap region 1 cards per card region 2048
 CPUs: 12 total, 12 available
 Memory: 16253M
 Large Page Support: Disabled
 NUMA Support: Disabled
 Compressed Oops: Enabled (32-bit)
 Heap Region Size: 1M
 Heap Min Capacity: 8M
 Heap Initial Capacity: 254M
 Heap Max Capacity: 2G
 Pre-touch: Disabled
 Parallel Workers: 10
 Concurrent Workers: 3
 Concurrent Refinement Workers: 10
 Periodic GC: Disabled
Heap:
 garbage-first heap   total 245760K, used 194026K [0x0000000080000000, 0x0000000100000000)
  region size 1024K, 10 young (10240K), 7 survivors (7168K)
 Metaspace       used 126757K, committed 129088K, reserved 1179648K
  class space    used 16931K, committed 18112K, reserved 1048576K
GC Heap History (20 events):
Event: 13.729 GC heap before
{Heap before GC invocations=41 (full 0):
 garbage-first heap   total 174080K, used 151343K [0x0000000080000000, 0x0000000100000000)
  region size 1024K, 53 young (54272K), 6 survivors (6144K)
 Metaspace       used 115437K, committed 117824K, reserved 1179648K
  class space    used 15636K, committed 16832K, reserved 1048576K
}
Event: 13.734 GC heap after
{Heap after GC invocations=42 (full 0):
 garbage-first heap   total 174080K, used 106720K [0x0000000080000000, 0x0000000100000000)
  region size 1024K, 6 young (6144K), 6 survivors (6144K)
 Metaspace       used 115437K, committed 117824K, reserved 1179648K
  class space    used 15636K, committed 16832K, reserved 1048576K
}
Event: 14.212 GC heap before
{Heap before GC invocations=42 (full 0):
 garbage-first heap   total 174080K, used 157920K [0x0000000080000000, 0x0000000100000000)
  region size 1024K, 56 young (57344K), 6 survivors (6144K)
 Metaspace       used 116646K, committed 118976K, reserved 1179648K
  class space    used 15801K, committed 16960K, reserved 1048576K
}
Event: 14.219 GC heap after
{Heap after GC invocations=43 (full 0):
 garbage-first heap   total 174080K, used 111889K [0x0000000080000000, 0x0000000100000000)
  region size 1024K, 7 young (7168K), 7 survivors (7168K)
 Metaspace       used 116646K, committed 118976K, reserved 1179648K
  class space    used 15801K, committed 16960K, reserved 1048576K
}
Event: 14.877 GC heap before
{Heap before GC invocations=43 (full 0):
 garbage-first heap   total 174080K, used 149777K [0x0000000080000000, 0x0000000100000000)
  region size 1024K, 46 young (47104K), 7 survivors (7168K)
 Metaspace       used 118071K, committed 120448K, reserved 1179648K
  class space    used 15897K, committed 17088K, reserved 1048576K
}
Event: 14.917 GC heap after
{Heap after GC invocations=44 (full 0):
 garbage-first heap   total 208896K, used 120832K [0x0000000080000000, 0x0000000100000000)
  region size 1024K, 7 young (7168K), 7 survivors (7168K)
 Metaspace       used 118071K, committed 120448K, reserved 1179648K
  class space    used 15897K, committed 17088K, reserved 1048576K
}
Event: 14.919 GC heap before
{Heap before GC invocations=44 (full 0):
 garbage-first heap   total 208896K, used 121856K [0x0000000080000000, 0x0000000100000000)
  region size 1024K, 8 young (8192K), 7 survivors (7168K)
 Metaspace       used 118071K, committed 120448K, reserved 1179648K
  class space    used 15897K, committed 17088K, reserved 1048576K
}
Event: 14.923 GC heap after
{Heap after GC invocations=45 (full 0):
 garbage-first heap   total 208896K, used 121924K [0x0000000080000000, 0x0000000100000000)
  region size 1024K, 1 young (1024K), 1 survivors (1024K)
 Metaspace       used 118071K, committed 120448K, reserved 1179648K
  class space    used 15897K, committed 17088K, reserved 1048576K
}
Event: 16.219 GC heap before
{Heap before GC invocations=46 (full 0):
 garbage-first heap   total 211968K, used 193604K [0x0000000080000000, 0x0000000100000000)
  region size 1024K, 67 young (68608K), 1 survivors (1024K)
 Metaspace       used 121476K, committed 123776K, reserved 1179648K
  class space    used 16260K, committed 17408K, reserved 1048576K
}
Event: 16.224 GC heap after
{Heap after GC invocations=47 (full 0):
 garbage-first heap   total 211968K, used 128068K [0x0000000080000000, 0x0000000100000000)
  region size 1024K, 8 young (8192K), 8 survivors (8192K)
 Metaspace       used 121476K, committed 123776K, reserved 1179648K
  class space    used 16260K, committed 17408K, reserved 1048576K
}
Event: 16.734 GC heap before
{Heap before GC invocations=47 (full 0):
 garbage-first heap   total 211968K, used 190532K [0x0000000080000000, 0x0000000100000000)
  region size 1024K, 70 young (71680K), 8 survivors (8192K)
 Metaspace       used 121971K, committed 124288K, reserved 1179648K
  class space    used 16367K, committed 17536K, reserved 1048576K
}
Event: 16.741 GC heap after
{Heap after GC invocations=48 (full 0):
 garbage-first heap   total 211968K, used 129209K [0x0000000080000000, 0x0000000100000000)
  region size 1024K, 5 young (5120K), 5 survivors (5120K)
 Metaspace       used 121971K, committed 124288K, reserved 1179648K
  class space    used 16367K, committed 17536K, reserved 1048576K
}
Event: 17.059 GC heap before
{Heap before GC invocations=48 (full 0):
 garbage-first heap   total 211968K, used 148665K [0x0000000080000000, 0x0000000100000000)
  region size 1024K, 26 young (26624K), 5 survivors (5120K)
 Metaspace       used 122464K, committed 124864K, reserved 1179648K
  class space    used 16444K, committed 17664K, reserved 1048576K
}
Event: 17.063 GC heap after
{Heap after GC invocations=49 (full 0):
 garbage-first heap   total 211968K, used 130165K [0x0000000080000000, 0x0000000100000000)
  region size 1024K, 6 young (6144K), 6 survivors (6144K)
 Metaspace       used 122464K, committed 124864K, reserved 1179648K
  class space    used 16444K, committed 17664K, reserved 1048576K
}
Event: 18.236 GC heap before
{Heap before GC invocations=50 (full 0):
 garbage-first heap   total 224256K, used 201845K [0x0000000080000000, 0x0000000100000000)
  region size 1024K, 67 young (68608K), 6 survivors (6144K)
 Metaspace       used 124560K, committed 126976K, reserved 1179648K
  class space    used 16656K, committed 17856K, reserved 1048576K
}
Event: 18.414 GC heap after
{Heap after GC invocations=51 (full 0):
 garbage-first heap   total 234496K, used 157696K [0x0000000080000000, 0x0000000100000000)
  region size 1024K, 9 young (9216K), 9 survivors (9216K)
 Metaspace       used 124560K, committed 126976K, reserved 1179648K
  class space    used 16656K, committed 17856K, reserved 1048576K
}
Event: 19.197 GC heap before
{Heap before GC invocations=51 (full 0):
 garbage-first heap   total 234496K, used 205824K [0x0000000080000000, 0x0000000100000000)
  region size 1024K, 56 young (57344K), 9 survivors (9216K)
 Metaspace       used 126596K, committed 128960K, reserved 1179648K
  class space    used 16917K, committed 18112K, reserved 1048576K
}
Event: 19.205 GC heap after
{Heap after GC invocations=52 (full 0):
 garbage-first heap   total 234496K, used 158544K [0x0000000080000000, 0x0000000100000000)
  region size 1024K, 4 young (4096K), 4 survivors (4096K)
 Metaspace       used 126596K, committed 128960K, reserved 1179648K
  class space    used 16917K, committed 18112K, reserved 1048576K
}
Event: 19.374 GC heap before
{Heap before GC invocations=52 (full 0):
 garbage-first heap   total 234496K, used 171856K [0x0000000080000000, 0x0000000100000000)
  region size 1024K, 19 young (19456K), 4 survivors (4096K)
 Metaspace       used 126756K, committed 129088K, reserved 1179648K
  class space    used 16931K, committed 18112K, reserved 1048576K
}
Event: 19.386 GC heap after
{Heap after GC invocations=53 (full 0):
 garbage-first heap   total 234496K, used 166378K [0x0000000080000000, 0x0000000100000000)
  region size 1024K, 7 young (7168K), 7 survivors (7168K)
 Metaspace       used 126756K, committed 129088K, reserved 1179648K
  class space    used 16931K, committed 18112K, reserved 1048576K
}

