# JRE version: OpenJDK Runtime Environment (21.0.6) (build 21.0.6+-13391695-b895.109)
# Java VM: OpenJDK 64-Bit Server VM (21.0.6+-13391695-b895.109, mixed mode, tiered, compressed oops, compressed class ptrs, g1 gc, windows-amd64)
GC Precious Log:
 CardTable entry size: 512
 Card Set container configuration: InlinePtr #cards 5 size 8 Array Of Cards #cards 12 size 40 Howl #buckets 4 coarsen threshold 1843 Howl Bitmap #cards 512 size 80 coarsen threshold 460 Card regions per heap region 1 cards per card region 2048
 CPUs: 12 total, 12 available
 Memory: 16253M
 Large Page Support: Disabled
 NUMA Support: Disabled
 Compressed Oops: Enabled (32-bit)
 Heap Region Size: 1M
 Heap Min Capacity: 8M
 Heap Initial Capacity: 254M
 Heap Max Capacity: 2G
 Pre-touch: Disabled
 Parallel Workers: 10
 Concurrent Workers: 3
 Concurrent Refinement Workers: 10
 Periodic GC: Disabled
Heap:
 garbage-first heap   total 217088K, used 150070K [0x0000000080000000, 0x0000000100000000)
  region size 1024K, 28 young (28672K), 7 survivors (7168K)
 Metaspace       used 121438K, committed 123712K, reserved 1179648K
  class space    used 16252K, committed 17408K, reserved 1048576K
GC Heap History (20 events):
Event: 25.097 GC heap before
{Heap before GC invocations=39 (full 0):
 garbage-first heap   total 145408K, used 132086K [0x0000000080000000, 0x0000000100000000)
  region size 1024K, 43 young (44032K), 4 survivors (4096K)
 Metaspace       used 95929K, committed 97984K, reserved 1179648K
  class space    used 12747K, committed 13760K, reserved 1048576K
}
Event: 25.101 GC heap after
{Heap after GC invocations=40 (full 0):
 garbage-first heap   total 145408K, used 96779K [0x0000000080000000, 0x0000000100000000)
  region size 1024K, 6 young (6144K), 6 survivors (6144K)
 Metaspace       used 95929K, committed 97984K, reserved 1179648K
  class space    used 12747K, committed 13760K, reserved 1048576K
}
Event: 26.422 GC heap before
{Heap before GC invocations=41 (full 0):
 garbage-first heap   total 162816K, used 129547K [0x0000000080000000, 0x0000000100000000)
  region size 1024K, 38 young (38912K), 6 survivors (6144K)
 Metaspace       used 98150K, committed 100160K, reserved 1179648K
  class space    used 13023K, committed 14016K, reserved 1048576K
}
Event: 26.426 GC heap after
{Heap after GC invocations=42 (full 0):
 garbage-first heap   total 162816K, used 98233K [0x0000000080000000, 0x0000000100000000)
  region size 1024K, 3 young (3072K), 3 survivors (3072K)
 Metaspace       used 98150K, committed 100160K, reserved 1179648K
  class space    used 13023K, committed 14016K, reserved 1048576K
}
Event: 27.949 GC heap before
{Heap before GC invocations=42 (full 0):
 garbage-first heap   total 162816K, used 145337K [0x0000000080000000, 0x0000000100000000)
  region size 1024K, 49 young (50176K), 3 survivors (3072K)
 Metaspace       used 101740K, committed 103744K, reserved 1179648K
  class space    used 13580K, committed 14592K, reserved 1048576K
}
Event: 27.953 GC heap after
{Heap after GC invocations=43 (full 0):
 garbage-first heap   total 162816K, used 98288K [0x0000000080000000, 0x0000000100000000)
  region size 1024K, 4 young (4096K), 4 survivors (4096K)
 Metaspace       used 101740K, committed 103744K, reserved 1179648K
  class space    used 13580K, committed 14592K, reserved 1048576K
}
Event: 29.102 GC heap before
{Heap before GC invocations=43 (full 0):
 garbage-first heap   total 162816K, used 147440K [0x0000000080000000, 0x0000000100000000)
  region size 1024K, 52 young (53248K), 4 survivors (4096K)
 Metaspace       used 105653K, committed 107776K, reserved 1179648K
  class space    used 14232K, committed 15296K, reserved 1048576K
}
Event: 29.106 GC heap after
{Heap after GC invocations=44 (full 0):
 garbage-first heap   total 162816K, used 100534K [0x0000000080000000, 0x0000000100000000)
  region size 1024K, 6 young (6144K), 6 survivors (6144K)
 Metaspace       used 105653K, committed 107776K, reserved 1179648K
  class space    used 14232K, committed 15296K, reserved 1048576K
}
Event: 30.609 GC heap before
{Heap before GC invocations=45 (full 0):
 garbage-first heap   total 168960K, used 146614K [0x0000000080000000, 0x0000000100000000)
  region size 1024K, 51 young (52224K), 6 survivors (6144K)
 Metaspace       used 108854K, committed 111040K, reserved 1179648K
  class space    used 14714K, committed 15808K, reserved 1048576K
}
Event: 30.614 GC heap after
{Heap after GC invocations=46 (full 0):
 garbage-first heap   total 168960K, used 102863K [0x0000000080000000, 0x0000000100000000)
  region size 1024K, 7 young (7168K), 7 survivors (7168K)
 Metaspace       used 108854K, committed 111040K, reserved 1179648K
  class space    used 14714K, committed 15808K, reserved 1048576K
}
Event: 31.595 GC heap before
{Heap before GC invocations=46 (full 0):
 garbage-first heap   total 168960K, used 150991K [0x0000000080000000, 0x0000000100000000)
  region size 1024K, 54 young (55296K), 7 survivors (7168K)
 Metaspace       used 112482K, committed 114752K, reserved 1179648K
  class space    used 15272K, committed 16448K, reserved 1048576K
}
Event: 31.601 GC heap after
{Heap after GC invocations=47 (full 0):
 garbage-first heap   total 168960K, used 104232K [0x0000000080000000, 0x0000000100000000)
  region size 1024K, 5 young (5120K), 5 survivors (5120K)
 Metaspace       used 112482K, committed 114752K, reserved 1179648K
  class space    used 15272K, committed 16448K, reserved 1048576K
}
Event: 33.092 GC heap before
{Heap before GC invocations=47 (full 0):
 garbage-first heap   total 168960K, used 153384K [0x0000000080000000, 0x0000000100000000)
  region size 1024K, 53 young (54272K), 5 survivors (5120K)
 Metaspace       used 116445K, committed 118656K, reserved 1179648K
  class space    used 15776K, committed 16896K, reserved 1048576K
}
Event: 33.098 GC heap after
{Heap after GC invocations=48 (full 0):
 garbage-first heap   total 168960K, used 107852K [0x0000000080000000, 0x0000000100000000)
  region size 1024K, 6 young (6144K), 6 survivors (6144K)
 Metaspace       used 116445K, committed 118656K, reserved 1179648K
  class space    used 15776K, committed 16896K, reserved 1048576K
}
Event: 33.596 GC heap before
{Heap before GC invocations=49 (full 0):
 garbage-first heap   total 181248K, used 151884K [0x0000000080000000, 0x0000000100000000)
  region size 1024K, 49 young (50176K), 6 survivors (6144K)
 Metaspace       used 116621K, committed 118848K, reserved 1179648K
  class space    used 15793K, committed 16896K, reserved 1048576K
}
Event: 33.603 GC heap after
{Heap after GC invocations=50 (full 0):
 garbage-first heap   total 181248K, used 114955K [0x0000000080000000, 0x0000000100000000)
  region size 1024K, 7 young (7168K), 7 survivors (7168K)
 Metaspace       used 116621K, committed 118848K, reserved 1179648K
  class space    used 15793K, committed 16896K, reserved 1048576K
}
Event: 34.910 GC heap before
{Heap before GC invocations=50 (full 0):
 garbage-first heap   total 181248K, used 167179K [0x0000000080000000, 0x0000000100000000)
  region size 1024K, 54 young (55296K), 7 survivors (7168K)
 Metaspace       used 120433K, committed 122688K, reserved 1179648K
  class space    used 16153K, committed 17280K, reserved 1048576K
}
Event: 35.003 GC heap after
{Heap after GC invocations=51 (full 0):
 garbage-first heap   total 186368K, used 122380K [0x0000000080000000, 0x0000000100000000)
  region size 1024K, 7 young (7168K), 7 survivors (7168K)
 Metaspace       used 120433K, committed 122688K, reserved 1179648K
  class space    used 16153K, committed 17280K, reserved 1048576K
}
Event: 36.256 GC heap before
{Heap before GC invocations=51 (full 0):
 garbage-first heap   total 186368K, used 168460K [0x0000000080000000, 0x0000000100000000)
  region size 1024K, 52 young (53248K), 7 survivors (7168K)
 Metaspace       used 121434K, committed 123712K, reserved 1179648K
  class space    used 16252K, committed 17408K, reserved 1048576K
}
Event: 36.263 GC heap after
{Heap after GC invocations=52 (full 0):
 garbage-first heap   total 186368K, used 129590K [0x0000000080000000, 0x0000000100000000)
  region size 1024K, 7 young (7168K), 7 survivors (7168K)
 Metaspace       used 121434K, committed 123712K, reserved 1179648K
  class space    used 16252K, committed 17408K, reserved 1048576K
}

