# JRE version: OpenJDK Runtime Environment (21.0.6) (build 21.0.6+-13391695-b895.109)
# Java VM: OpenJDK 64-Bit Server VM (21.0.6+-13391695-b895.109, mixed mode, tiered, compressed oops, compressed class ptrs, g1 gc, windows-amd64)
GC Precious Log:
 CardTable entry size: 512
 Card Set container configuration: InlinePtr #cards 5 size 8 Array Of Cards #cards 12 size 40 Howl #buckets 4 coarsen threshold 1843 Howl Bitmap #cards 512 size 80 coarsen threshold 460 Card regions per heap region 1 cards per card region 2048
 CPUs: 12 total, 12 available
 Memory: 16253M
 Large Page Support: Disabled
 NUMA Support: Disabled
 Compressed Oops: Enabled (32-bit)
 Heap Region Size: 1M
 Heap Min Capacity: 8M
 Heap Initial Capacity: 254M
 Heap Max Capacity: 2G
 Pre-touch: Disabled
 Parallel Workers: 10
 Concurrent Workers: 3
 Concurrent Refinement Workers: 10
 Periodic GC: Disabled
Heap:
 garbage-first heap   total 342016K, used 193602K [0x0000000080000000, 0x0000000100000000)
  region size 1024K, 10 young (10240K), 10 survivors (10240K)
 Metaspace       used 135583K, committed 137984K, reserved 1179648K
  class space    used 17811K, committed 19008K, reserved 1048576K
GC Heap History (20 events):
Event: 24.732 GC heap after
{Heap after GC invocations=45 (full 0):
 garbage-first heap   total 178176K, used 122439K [0x0000000080000000, 0x0000000100000000)
  region size 1024K, 6 young (6144K), 6 survivors (6144K)
 Metaspace       used 118012K, committed 120256K, reserved 1179648K
  class space    used 15891K, committed 17024K, reserved 1048576K
}
Event: 25.784 GC heap before
{Heap before GC invocations=46 (full 0):
 garbage-first heap   total 215040K, used 163399K [0x0000000080000000, 0x0000000100000000)
  region size 1024K, 42 young (43008K), 6 survivors (6144K)
 Metaspace       used 121393K, committed 123712K, reserved 1179648K
  class space    used 16251K, committed 17408K, reserved 1048576K
}
Event: 25.789 GC heap after
{Heap after GC invocations=47 (full 0):
 garbage-first heap   total 215040K, used 126023K [0x0000000080000000, 0x0000000100000000)
  region size 1024K, 5 young (5120K), 5 survivors (5120K)
 Metaspace       used 121393K, committed 123712K, reserved 1179648K
  class space    used 16251K, committed 17408K, reserved 1048576K
}
Event: 26.207 GC heap before
{Heap before GC invocations=47 (full 0):
 garbage-first heap   total 215040K, used 190535K [0x0000000080000000, 0x0000000100000000)
  region size 1024K, 69 young (70656K), 5 survivors (5120K)
 Metaspace       used 121470K, committed 123776K, reserved 1179648K
  class space    used 16256K, committed 17408K, reserved 1048576K
}
Event: 26.214 GC heap after
{Heap after GC invocations=48 (full 0):
 garbage-first heap   total 215040K, used 129735K [0x0000000080000000, 0x0000000100000000)
  region size 1024K, 9 young (9216K), 9 survivors (9216K)
 Metaspace       used 121470K, committed 123776K, reserved 1179648K
  class space    used 16256K, committed 17408K, reserved 1048576K
}
Event: 27.846 GC heap before
{Heap before GC invocations=48 (full 0):
 garbage-first heap   total 215040K, used 192199K [0x0000000080000000, 0x0000000100000000)
  region size 1024K, 71 young (72704K), 9 survivors (9216K)
 Metaspace       used 123909K, committed 126208K, reserved 1179648K
  class space    used 16568K, committed 17728K, reserved 1048576K
}
Event: 27.853 GC heap after
{Heap after GC invocations=49 (full 0):
 garbage-first heap   total 215040K, used 133977K [0x0000000080000000, 0x0000000100000000)
  region size 1024K, 9 young (9216K), 9 survivors (9216K)
 Metaspace       used 123909K, committed 126208K, reserved 1179648K
  class space    used 16568K, committed 17728K, reserved 1048576K
}
Event: 28.763 GC heap before
{Heap before GC invocations=50 (full 0):
 garbage-first heap   total 225280K, used 201561K [0x0000000080000000, 0x0000000100000000)
  region size 1024K, 67 young (68608K), 9 survivors (9216K)
 Metaspace       used 124190K, committed 126528K, reserved 1179648K
  class space    used 16568K, committed 17728K, reserved 1048576K
}
Event: 28.780 GC heap after
{Heap after GC invocations=51 (full 0):
 garbage-first heap   total 240640K, used 164109K [0x0000000080000000, 0x0000000100000000)
  region size 1024K, 9 young (9216K), 9 survivors (9216K)
 Metaspace       used 124190K, committed 126528K, reserved 1179648K
  class space    used 16568K, committed 17728K, reserved 1048576K
}
Event: 29.507 GC heap before
{Heap before GC invocations=51 (full 0):
 garbage-first heap   total 240640K, used 213261K [0x0000000080000000, 0x0000000100000000)
  region size 1024K, 50 young (51200K), 9 survivors (9216K)
 Metaspace       used 124766K, committed 127104K, reserved 1179648K
  class space    used 16624K, committed 17792K, reserved 1048576K
}
Event: 29.516 GC heap after
{Heap after GC invocations=52 (full 0):
 garbage-first heap   total 240640K, used 169484K [0x0000000080000000, 0x0000000100000000)
  region size 1024K, 7 young (7168K), 7 survivors (7168K)
 Metaspace       used 124766K, committed 127104K, reserved 1179648K
  class space    used 16624K, committed 17792K, reserved 1048576K
}
Event: 30.444 GC heap before
{Heap before GC invocations=52 (full 0):
 garbage-first heap   total 240640K, used 208396K [0x0000000080000000, 0x0000000100000000)
  region size 1024K, 46 young (47104K), 7 survivors (7168K)
 Metaspace       used 127066K, committed 129344K, reserved 1179648K
  class space    used 16905K, committed 18048K, reserved 1048576K
}
Event: 30.452 GC heap after
{Heap after GC invocations=53 (full 0):
 garbage-first heap   total 240640K, used 178434K [0x0000000080000000, 0x0000000100000000)
  region size 1024K, 6 young (6144K), 6 survivors (6144K)
 Metaspace       used 127066K, committed 129344K, reserved 1179648K
  class space    used 16905K, committed 18048K, reserved 1048576K
}
Event: 30.968 GC heap before
{Heap before GC invocations=54 (full 0):
 garbage-first heap   total 342016K, used 237826K [0x0000000080000000, 0x0000000100000000)
  region size 1024K, 40 young (40960K), 6 survivors (6144K)
 Metaspace       used 127606K, committed 129920K, reserved 1179648K
  class space    used 16964K, committed 18112K, reserved 1048576K
}
Event: 30.975 GC heap after
{Heap after GC invocations=55 (full 0):
 garbage-first heap   total 342016K, used 183838K [0x0000000080000000, 0x0000000100000000)
  region size 1024K, 5 young (5120K), 5 survivors (5120K)
 Metaspace       used 127606K, committed 129920K, reserved 1179648K
  class space    used 16964K, committed 18112K, reserved 1048576K
}
Event: 31.707 GC heap before
{Heap before GC invocations=55 (full 0):
 garbage-first heap   total 342016K, used 290334K [0x0000000080000000, 0x0000000100000000)
  region size 1024K, 110 young (112640K), 5 survivors (5120K)
 Metaspace       used 131259K, committed 133632K, reserved 1179648K
  class space    used 17319K, committed 18496K, reserved 1048576K
}
Event: 31.752 GC heap after
{Heap after GC invocations=56 (full 0):
 garbage-first heap   total 342016K, used 194057K [0x0000000080000000, 0x0000000100000000)
  region size 1024K, 14 young (14336K), 14 survivors (14336K)
 Metaspace       used 131259K, committed 133632K, reserved 1179648K
  class space    used 17319K, committed 18496K, reserved 1048576K
}
Event: 32.147 GC heap before
{Heap before GC invocations=56 (full 0):
 garbage-first heap   total 342016K, used 292361K [0x0000000080000000, 0x0000000100000000)
  region size 1024K, 111 young (113664K), 14 survivors (14336K)
 Metaspace       used 132694K, committed 135040K, reserved 1179648K
  class space    used 17458K, committed 18624K, reserved 1048576K
}
Event: 32.152 GC heap after
{Heap after GC invocations=57 (full 0):
 garbage-first heap   total 342016K, used 189343K [0x0000000080000000, 0x0000000100000000)
  region size 1024K, 4 young (4096K), 4 survivors (4096K)
 Metaspace       used 132694K, committed 135040K, reserved 1179648K
  class space    used 17458K, committed 18624K, reserved 1048576K
}
Event: 34.848 GC heap before
{Heap before GC invocations=58 (full 0):
 garbage-first heap   total 342016K, used 295839K [0x0000000080000000, 0x0000000100000000)
  region size 1024K, 111 young (113664K), 4 survivors (4096K)
 Metaspace       used 135583K, committed 137984K, reserved 1179648K
  class space    used 17811K, committed 19008K, reserved 1048576K
}

